Writing PID to tmp/pids/thin.3000.pid
Thin web server (v1.6.3 codename Protein Powder)
Maximum connections set to 1024
Listening on 0.0.0.0:3000, CTRL+C to stop

[1mFrom:[0m /Users/liberal/Desktop/dev/sinatra/demo/app/controllers/home_controller.rb @ line 4 HomeController#main:

     [1;34m3[0m: [32mdef[0m [1;34mmain[0m
 =>  [1;34m4[0m:   binding.pry
     [1;34m5[0m:   app.json [35mname[0m: [31m[1;31m'[0m[31mehsan[1;31m'[0m[31m[0m, [35mother[0m: {
     [1;34m6[0m:       [35msex[0m: [1;34m12[0m,
     [1;34m7[0m:       [35mfamily[0m: [31m[1;31m'[0m[31myousefi[1;31m'[0m[31m[0m
     [1;34m8[0m:     }
     [1;34m9[0m: 
    [1;34m10[0m: [32mend[0m

[0G[1] pry(#<HomeController>)> 
[1mFrom:[0m /Users/liberal/Desktop/dev/sinatra/demo/app/controllers/home_controller.rb @ line 4 HomeController#main:

     [1;34m3[0m: [32mdef[0m [1;34mmain[0m
 =>  [1;34m4[0m:   binding.pry
     [1;34m5[0m:   app.json [35mname[0m: [31m[1;31m'[0m[31mehsan[1;31m'[0m[31m[0m, [35mother[0m: {
     [1;34m6[0m:       [35msex[0m: [1;34m12[0m,
     [1;34m7[0m:       [35mfamily[0m: [31m[1;31m'[0m[31myousefi[1;31m'[0m[31m[0m
     [1;34m8[0m:     }
     [1;34m9[0m: 
    [1;34m10[0m: [32mend[0m

[0G[1] pry(#<HomeController>)> 
[1mFrom:[0m /Users/liberal/Desktop/dev/sinatra/demo/app/controllers/home_controller.rb @ line 4 HomeController#main:

     [1;34m3[0m: [32mdef[0m [1;34mmain[0m
 =>  [1;34m4[0m:   binding.pry
     [1;34m5[0m:   app.json [35mname[0m: [31m[1;31m'[0m[31mehsan[1;31m'[0m[31m[0m, [35mother[0m: {
     [1;34m6[0m:       [35msex[0m: [1;34m12[0m,
     [1;34m7[0m:       [35mfamily[0m: [31m[1;31m'[0m[31myousefi[1;31m'[0m[31m[0m
     [1;34m8[0m:     }
     [1;34m9[0m: 
    [1;34m10[0m: [32mend[0m

[0G[1] pry(#<HomeController>)> 
[1mFrom:[0m /Users/liberal/Desktop/dev/sinatra/demo/app/controllers/home_controller.rb @ line 4 HomeController#main:

     [1;34m3[0m: [32mdef[0m [1;34mmain[0m
 =>  [1;34m4[0m:   binding.pry
     [1;34m5[0m:   app.json [35mname[0m: [31m[1;31m'[0m[31mehsan[1;31m'[0m[31m[0m, [35mother[0m: {
     [1;34m6[0m:       [35msex[0m: [1;34m12[0m,
     [1;34m7[0m:       [35mfamily[0m: [31m[1;31m'[0m[31myousefi[1;31m'[0m[31m[0m
     [1;34m8[0m:     }
     [1;34m9[0m: 
    [1;34m10[0m: [32mend[0m

[0G[1] pry(#<HomeController>)> Exiting!
